25-06-2016 14:22:11 | /index.php | http://labs2.local/index.php?id=gbook 
25-06-2016 14:25:13 | /index.php | http://labs2.local/index.php 
25-06-2016 14:25:16 | /index.php?id=gbook | http://labs2.local/index.php 
25-06-2016 14:25:22 | /index.php | http://labs2.local/index.php?id=gbook 
25-06-2016 14:25:24 | /index.php?id=contact | http://labs2.local/index.php 
25-06-2016 14:25:25 | /index.php?id=about | http://labs2.local/index.php?id=contact 
25-06-2016 14:39:25 | /index.php?id=log | http://labs2.local/index.php?id=about 
25-06-2016 14:39:51 | /index.php?id=log | http://labs2.local/index.php?id=about 
25-06-2016 14:46:00 | / | http://labs2.local/phpinfo.php 
25-06-2016 14:47:13 | /index.php |  
25-06-2016 15:02:58 | /index.php?id=about | http://labs2.local/index.php 
25-06-2016 15:03:01 | /index.php?id=contact | http://labs2.local/index.php?id=about 
25-06-2016 15:03:05 | /index.php?id=contact | http://labs2.local/index.php?id=contact 
25-06-2016 15:03:15 | /index.php | http://labs2.local/index.php?id=contact 
25-06-2016 15:03:16 | /index.php?id=contact | http://labs2.local/index.php 
25-06-2016 15:03:50 | /index.php?id=contact | http://labs2.local/index.php?id=contact 
29-06-2016 14:04:19 | / |  
29-06-2016 14:04:26 | /index.php?id=gbook | http://labs2.local/ 
29-06-2016 14:10:19 | /index.php?id=gbook | http://labs2.local/ 
29-06-2016 14:11:21 | /index.php?id=gbook | http://labs2.local/ 
29-06-2016 14:12:40 | /index.php?id=gbook | http://labs2.local/ 
29-06-2016 14:12:45 | /index.php?id=gbook | http://labs2.local/ 
29-06-2016 14:13:51 | /index.php?id=gbook | http://labs2.local/ 
29-06-2016 14:14:21 | /index.php?id=gbook | http://labs2.local/ 
29-06-2016 14:14:34 | /index.php?id=gbook | http://labs2.local/ 
29-06-2016 14:15:28 | /index.php?id=gbook | http://labs2.local/ 
29-06-2016 14:15:57 | /index.php?id=gbook | http://labs2.local/ 
29-06-2016 14:21:37 | /index.php?id=gbook | http://labs2.local/ 
29-06-2016 14:54:33 | /index.php?id=gbook | http://labs2.local/ 
29-06-2016 14:54:50 | /index.php?id=gbook | http://labs2.local/ 
29-06-2016 14:54:53 | /index.php?id=gbook | http://labs2.local/ 
29-06-2016 14:58:44 | /index.php?id=gbook | http://labs2.local/ 
29-06-2016 14:59:12 | /index.php?id=gbook | http://labs2.local/ 
29-06-2016 15:01:05 | /index.php?id=gbook | http://labs2.local/ 
29-06-2016 15:08:58 | /index.php?id=gbook | http://labs2.local/ 
29-06-2016 15:09:01 | /index.php?id=gbook | http://labs2.local/ 
29-06-2016 15:09:01 | /index.php?id=gbook | http://labs2.local/ 
29-06-2016 15:12:03 | /index.php?id=gbook | http://labs2.local/ 
29-06-2016 15:12:56 | /index.php?id=gbook | http://labs2.local/ 
29-06-2016 15:15:45 | /index.php?id=gbook | http://labs2.local/ 
29-06-2016 15:16:11 | /index.php?id=gbook | http://labs2.local/ 
29-06-2016 15:34:58 | /index.php?id=gbook | http://labs2.local/ 
29-06-2016 15:34:59 | /index.php?id=gbook | http://labs2.local/ 
29-06-2016 15:37:46 | /index.php?id=gbook | http://labs2.local/ 
29-06-2016 15:37:47 | /index.php?id=gbook | http://labs2.local/ 
29-06-2016 15:37:47 | /index.php?id=gbook | http://labs2.local/ 
29-06-2016 15:37:48 | /index.php?id=gbook | http://labs2.local/ 
29-06-2016 15:37:48 | /index.php?id=gbook | http://labs2.local/ 
29-06-2016 21:40:46 | /index.php?id=gbook |  
29-06-2016 21:41:25 | /index.php?id=gbook | http://labs2.local/index.php?id=gbook 
29-06-2016 21:50:05 | /index.php?id=gbook | http://labs2.local/index.php?id=gbook 
29-06-2016 21:50:52 | /index.php?id=gbook | http://labs2.local/index.php?id=gbook 
29-06-2016 21:52:01 | /index.php?id=gbook | http://labs2.local/index.php?id=gbook 
29-06-2016 21:53:33 | /index.php?id=gbook | http://labs2.local/index.php?id=gbook 
29-06-2016 21:55:13 | /index.php?id=gbook | http://labs2.local/index.php?id=gbook 
29-06-2016 23:37:39 | /index.php?id=gbook | http://labs2.local/index.php?id=gbook 
29-06-2016 23:37:40 | /index.php?id=gbook | http://labs2.local/index.php?id=gbook 
29-06-2016 23:37:52 | /index.php?id=gbook | http://labs2.local/index.php?id=gbook 
30-06-2016 00:12:17 | /index.php?id=gbook | http://labs2.local/index.php?id=gbook 
30-06-2016 00:12:19 | /index.php?id=gbook | http://labs2.local/index.php?id=gbook 
30-06-2016 00:16:00 | /index.php?id=gbook | http://labs2.local/index.php?id=gbook 
30-06-2016 00:16:09 | /index.php?id=gbook | http://labs2.local/index.php?id=gbook 
30-06-2016 00:16:12 | /index.php?id=gbook | http://labs2.local/index.php?id=gbook 
30-06-2016 00:16:14 | /index.php?id=gbook | http://labs2.local/index.php?id=gbook 
30-06-2016 00:16:18 | /index.php?id=gbook | http://labs2.local/index.php?id=gbook 
30-06-2016 00:18:28 | /index.php?id=gbook | http://labs2.local/index.php?id=gbook 
30-06-2016 00:20:42 | /index.php?id=gbook | http://labs2.local/index.php?id=gbook 
30-06-2016 00:21:25 | /index.php?id=gbook | http://labs2.local/index.php?id=gbook 
30-06-2016 00:23:29 | /index.php?id=gbook | http://labs2.local/index.php?id=gbook 
30-06-2016 00:26:22 | /index.php?id=gbook | http://labs2.local/index.php?id=gbook 
30-06-2016 00:28:06 | /index.php?id=gbook | http://labs2.local/index.php?id=gbook 
30-06-2016 00:28:36 | /index.php?id=gbook | http://labs2.local/index.php?id=gbook 
30-06-2016 00:32:06 | /index.php?id=gbook | http://labs2.local/index.php?id=gbook 
30-06-2016 00:32:14 | /index.php?id=gbook | http://labs2.local/index.php?id=gbook 
30-06-2016 00:39:22 | /index.php?id=gbook | http://labs2.local/index.php?id=gbook 
30-06-2016 00:39:28 | /index.php?id=gbook | http://labs2.local/index.php?id=gbook 
30-06-2016 00:39:40 | /index.php?id=gbook | http://labs2.local/index.php?id=gbook 
30-06-2016 00:41:43 | /index.php?id=gbook | http://labs2.local/index.php?id=gbook 
30-06-2016 00:42:06 | /index.php?id=gbook | http://labs2.local/index.php?id=gbook 
30-06-2016 00:43:06 | /index.php?id=gbook | http://labs2.local/index.php?id=gbook 
30-06-2016 00:43:39 | /index.php?id=gbook | http://labs2.local/index.php?id=gbook 
30-06-2016 00:44:19 | /index.php?id=gbook | http://labs2.local/index.php?id=gbook 
30-06-2016 00:44:31 | /index.php?id=gbook | http://labs2.local/index.php?id=gbook 
30-06-2016 00:46:56 | /index.php?id=gbook | http://labs2.local/index.php?id=gbook 
30-06-2016 00:49:55 | /index.php?id=gbook | http://labs2.local/index.php?id=gbook 
30-06-2016 00:55:11 | /index.php?id=gbook | http://labs2.local/index.php?id=gbook 
30-06-2016 00:55:43 | /index.php?id=gbook | http://labs2.local/index.php?id=gbook 
30-06-2016 00:58:10 | /index.php?id=gbook | http://labs2.local/index.php?id=gbook 
30-06-2016 01:00:23 | /index.php?id=gbook | http://labs2.local/index.php?id=gbook 
30-06-2016 01:02:56 | /index.php?id=gbook | http://labs2.local/index.php?id=gbook 
30-06-2016 01:05:35 | /index.php?id=gbook | http://labs2.local/index.php?id=gbook 
30-06-2016 01:05:49 | /index.php?id=gbook | http://labs2.local/index.php?id=gbook 
30-06-2016 01:05:55 | /index.php?id=gbook | http://labs2.local/index.php?id=gbook 
30-06-2016 02:05:35 | /index.php?id=gbook | http://labs2.local/index.php?id=gbook 
30-06-2016 02:05:50 | /index.php?id=gbook | http://labs2.local/index.php?id=gbook 
30-06-2016 02:07:06 | /index.php?id=gbook | http://labs2.local/index.php?id=gbook 
30-06-2016 02:07:09 | /index.php?id=gbook | http://labs2.local/index.php?id=gbook 
30-06-2016 02:14:05 | /index.php?id=gbook | http://labs2.local/index.php?id=gbook 
30-06-2016 02:14:19 | /index.php?id=gbook | http://labs2.local/index.php?id=gbook 
30-06-2016 02:22:31 | /index.php?id=gbook | http://labs2.local/index.php?id=gbook 
30-06-2016 02:22:36 | /index.php?id=gbook&del=gbook | http://labs2.local/index.php?id=gbook 
30-06-2016 02:22:49 | /index.php?id=gbook&del=gbook | http://labs2.local/index.php?id=gbook&del=gbook 
30-06-2016 02:22:55 | /index.php?id=gbook&del=gbook | http://labs2.local/index.php?id=gbook&del=gbook 
30-06-2016 02:23:27 | /index.php?id=gbook&del=gbook | http://labs2.local/index.php?id=gbook&del=gbook 
30-06-2016 02:23:34 | /index.php?id=gbook&del=3 | http://labs2.local/index.php?id=gbook&del=gbook 
30-06-2016 02:31:04 | /index.php?id=gbook&del=3 | http://labs2.local/index.php?id=gbook&del=3 
30-06-2016 02:31:17 | /index.php?id=gbook&del=3 | http://labs2.local/index.php?id=gbook&del=3 
30-06-2016 02:31:21 | /index.php?id=gbook&del=3 | http://labs2.local/index.php?id=gbook&del=3 
30-06-2016 02:31:24 | /index.php?id=gbook&del=3 | http://labs2.local/index.php?id=gbook&del=3 
30-06-2016 02:32:16 | /index.php?id=gbook&del=3 | http://labs2.local/index.php?id=gbook&del=3 
30-06-2016 02:33:04 | /index.php?id=gbook&del=3 | http://labs2.local/index.php?id=gbook&del=gbook 
30-06-2016 02:33:38 | /index.php?id=gbook&del=3 | http://labs2.local/index.php?id=gbook&del=gbook 
30-06-2016 02:33:41 | /index.php?id=gbook&del=3 | http://labs2.local/index.php?id=gbook&del=3 
30-06-2016 02:35:10 | /index.php?id=gbook&del=3 | http://labs2.local/index.php?id=gbook&del=3 
30-06-2016 02:35:13 | /index.php?id=gbook&del=3 | http://labs2.local/index.php?id=gbook&del=3 
30-06-2016 02:35:21 | /index.php?id=gbook&del=3 | http://labs2.local/index.php?id=gbook&del=3 
30-06-2016 02:35:46 | /index.php?id=gbook&del=3 | http://labs2.local/index.php?id=gbook&del=3 
30-06-2016 02:35:49 | /index.php?id=gbook&del=3 | http://labs2.local/index.php?id=gbook&del=3 
30-06-2016 02:36:19 | /index.php?id=gbook&del=3 | http://labs2.local/index.php?id=gbook&del=3 
30-06-2016 02:36:34 | /index.php?id=gbook&del=2 | http://labs2.local/index.php?id=gbook&del=3 
30-06-2016 02:36:46 | /index.php?id=gbook&del=2 | http://labs2.local/index.php?id=gbook&del=2 
30-06-2016 02:36:48 | /index.php?id=gbook&del=2 | http://labs2.local/index.php?id=gbook&del=2 
30-06-2016 02:37:23 | /index.php?id=gbook&del=4 | http://labs2.local/index.php?id=gbook&del=2 
30-06-2016 02:37:28 | /index.php?id=gbook&del=4 | http://labs2.local/index.php?id=gbook&del=4 
30-06-2016 02:37:32 | /index.php?id=gbook&del=5 | http://labs2.local/index.php?id=gbook&del=4 
30-06-2016 02:37:34 | /index.php?id=gbook&del=5 | http://labs2.local/index.php?id=gbook&del=5 
30-06-2016 02:37:37 | /index.php?id=gbook&del=1 | http://labs2.local/index.php?id=gbook&del=5 
30-06-2016 02:38:04 | /index.php?id=gbook&del=1 | http://labs2.local/index.php?id=gbook&del=1 
03-07-2016 01:01:50 | / |  
03-07-2016 01:01:54 | /index.php?id=gbook | http://labs2.local/ 
03-07-2016 01:02:30 | /index.php?id=gbook | http://labs2.local/ 
03-07-2016 01:03:27 | /index.php?id=gbook | http://labs2.local/ 
03-07-2016 01:03:34 | /index.php | http://labs2.local/index.php?id=gbook 
03-07-2016 01:05:30 | /index.php?id=gbook | http://labs2.local/index.php 
03-07-2016 01:05:39 | /index.php | http://labs2.local/index.php?id=gbook 
03-07-2016 01:06:51 | /index.php?id=gbook | http://labs2.local/index.php 
03-07-2016 01:07:33 | /index.php?id=gbook | http://labs2.local/index.php 
03-07-2016 01:10:01 | /index.php?id=gbook | http://labs2.local/index.php 
03-07-2016 01:10:40 | /index.php?id=gbook | http://labs2.local/index.php 
03-07-2016 01:10:44 | /index.php?id=gbook | http://labs2.local/index.php?id=gbook 
03-07-2016 01:11:03 | /index.php?id=gbook | http://labs2.local/index.php?id=gbook 
03-07-2016 01:11:07 | /index.php?id=gbook | http://labs2.local/index.php?id=gbook 
03-07-2016 01:11:13 | /index.php?id=gbook&del=2 | http://labs2.local/index.php?id=gbook 
03-07-2016 01:11:19 | /index.php?id=gbook&del=2 | http://labs2.local/index.php?id=gbook&del=2 
03-07-2016 01:27:50 | /index.php?id=gbook&del=2 | http://labs2.local/index.php?id=gbook&del=2 
03-07-2016 01:28:37 | /index.php?id=gbook&del=2 | http://labs2.local/index.php?id=gbook&del=2 
03-07-2016 01:28:40 | /index.php?id=contact | http://labs2.local/index.php?id=gbook&del=2 
03-07-2016 01:28:43 | /index.php | http://labs2.local/index.php?id=contact 
03-07-2016 01:30:44 | /index.php | http://labs2.local/index.php 
03-07-2016 01:30:48 | /index.php?id=contact | http://labs2.local/index.php 
03-07-2016 01:31:12 | /index.php | http://labs2.local/index.php?id=contact 
03-07-2016 01:32:46 | /index.php | http://labs2.local/index.php 
03-07-2016 01:38:12 | /index.php | http://labs2.local/index.php 
03-07-2016 01:38:16 | /index.php?id=about | http://labs2.local/index.php 
03-07-2016 01:38:17 | /index.php | http://labs2.local/index.php?id=about 
03-07-2016 01:38:50 | /index.php | http://labs2.local/index.php?id=about 
03-07-2016 01:38:52 | /index.php | http://labs2.local/index.php?id=about 
03-07-2016 01:38:52 | /index.php | http://labs2.local/index.php?id=about 
03-07-2016 01:39:56 | /index.php | http://labs2.local/index.php?id=about 
03-07-2016 01:39:56 | /index.php | http://labs2.local/index.php?id=about 
03-07-2016 01:39:57 | /index.php | http://labs2.local/index.php?id=about 
03-07-2016 01:40:27 | /index.php | http://labs2.local/index.php?id=about 
03-07-2016 01:40:27 | /index.php | http://labs2.local/index.php?id=about 
03-07-2016 01:40:28 | /index.php | http://labs2.local/index.php?id=about 
03-07-2016 01:40:29 | /index.php | http://labs2.local/index.php?id=about 
03-07-2016 01:40:43 | /index.php | http://labs2.local/index.php?id=about 
03-07-2016 01:47:42 | /index.php | http://labs2.local/index.php?id=about 
03-07-2016 01:47:43 | /index.php | http://labs2.local/index.php?id=about 
03-07-2016 01:47:53 | /index.php | http://labs2.local/index.php?id=about 
03-07-2016 01:47:54 | /index.php | http://labs2.local/index.php?id=about 
03-07-2016 01:47:54 | /index.php | http://labs2.local/index.php?id=about 
03-07-2016 01:52:56 | /index.php?id=contact | http://labs2.local/index.php 
03-07-2016 01:52:58 | /index.php | http://labs2.local/index.php?id=contact 
03-07-2016 01:56:29 | /index.php?id=contact | http://labs2.local/index.php 
03-07-2016 01:56:30 | /index.php?id=about | http://labs2.local/index.php?id=contact 
03-07-2016 01:56:32 | /index.php?id=info | http://labs2.local/index.php?id=about 
03-07-2016 01:56:33 | /index.php | http://labs2.local/index.php?id=info 
03-07-2016 01:56:34 | /index.php | http://labs2.local/index.php 
03-07-2016 01:57:34 | /index.php | http://labs2.local/index.php 
03-07-2016 01:57:35 | /index.php?id=contact | http://labs2.local/index.php 
03-07-2016 01:57:37 | /index.php?id=about | http://labs2.local/index.php?id=contact 
03-07-2016 01:58:02 | /index.php | http://labs2.local/index.php?id=about 
03-07-2016 01:58:03 | /index.php?id=contact | http://labs2.local/index.php 
03-07-2016 01:58:05 | /index.php?id=about | http://labs2.local/index.php?id=contact 
03-07-2016 01:59:20 | /index.php?id=contact | http://labs2.local/index.php?id=about 
03-07-2016 01:59:21 | /index.php | http://labs2.local/index.php?id=contact 
03-07-2016 02:03:08 | /index.php | http://labs2.local/index.php 
03-07-2016 02:05:00 | /index.php | http://labs2.local/index.php 
03-07-2016 02:05:02 | /index.php | http://labs2.local/index.php 
03-07-2016 02:06:44 | /index.php | http://labs2.local/index.php 
03-07-2016 02:07:00 | /index.php | http://labs2.local/index.php 
03-07-2016 02:10:03 | /index.php | http://labs2.local/index.php 
03-07-2016 02:11:09 | /index.php | http://labs2.local/index.php 
03-07-2016 02:11:10 | /index.php | http://labs2.local/index.php 
03-07-2016 02:11:10 | /index.php | http://labs2.local/index.php 
03-07-2016 02:11:50 | /index.php | http://labs2.local/index.php 
03-07-2016 02:12:11 | /index.php | http://labs2.local/index.php 
03-07-2016 02:12:14 | /index.php?id=contact | http://labs2.local/index.php 
03-07-2016 02:12:15 | /index.php | http://labs2.local/index.php?id=contact 
03-07-2016 02:12:33 | / |  
03-07-2016 02:12:36 | /index.php | http://labs2.local/ 
03-07-2016 02:12:37 | /index.php | http://labs2.local/index.php 
03-07-2016 02:12:39 | /index.php?id=contact | http://labs2.local/index.php 
03-07-2016 02:12:40 | /index.php?id=about | http://labs2.local/index.php?id=contact 
03-07-2016 02:12:41 | /index.php | http://labs2.local/index.php?id=about 
03-07-2016 02:35:30 | /index.php | http://labs2.local/index.php 
03-07-2016 02:35:34 | /index.php?id=contact | http://labs2.local/index.php 
03-07-2016 02:35:36 | /index.php | http://labs2.local/index.php?id=contact 
03-07-2016 02:37:32 | /index.php | http://labs2.local/index.php 
03-07-2016 02:37:34 | /index.php?id=contact | http://labs2.local/index.php 
03-07-2016 02:37:37 | /index.php?id=about | http://labs2.local/index.php?id=contact 
03-07-2016 02:37:39 | /index.php | http://labs2.local/index.php?id=about 
03-07-2016 02:39:02 | /index.php | http://labs2.local/index.php?id=about 
03-07-2016 02:40:25 | /index.php | http://labs2.local/index.php?id=about 
03-07-2016 02:40:26 | /index.php | http://labs2.local/index.php?id=about 
03-07-2016 02:40:27 | /index.php | http://labs2.local/index.php?id=about 
03-07-2016 17:20:16 | / |  
03-07-2016 17:20:26 | /index.php | http://labs2.local/ 
03-07-2016 17:20:27 | /index.php?id=contact | http://labs2.local/index.php 
03-07-2016 17:20:29 | /index.php?id=about | http://labs2.local/index.php?id=contact 
03-07-2016 17:20:31 | /index.php?id=info | http://labs2.local/index.php?id=about 
03-07-2016 17:20:33 | /index.php?id=contact | http://labs2.local/index.php?id=info 
03-07-2016 17:20:36 | /index.php?id=about | http://labs2.local/index.php?id=contact 
03-07-2016 17:20:38 | /index.php?id=info | http://labs2.local/index.php?id=about 
03-07-2016 17:20:45 | /index.php?id=gbook | http://labs2.local/index.php?id=info 
03-07-2016 17:23:31 | /index.php?id=gbook | http://labs2.local/index.php?id=info 
03-07-2016 17:23:40 | /index.php?id=gbook | http://labs2.local/index.php?id=gbook 
03-07-2016 17:23:41 | /index.php?id=gbook | http://labs2.local/index.php?id=gbook 
